git-remote-https: error while loading shared libraries: libsasl2.so.2: cannot open shared object file: No such file or directory
WARNING: Cache disabled - cache location /osg is not writable.
INFO:    Downloading library image to tmp cache: /condor/execute/dir_200140/tmp.gLIRDPhBLo/execute.18.12.4.131-200205/dir_202049/sbuild-tmp-cache-233104833
INFO:    Converting OCI blobs to SIF format
INFO:    Starting build...
2021/08/13 13:30:28  info unpack layer: sha256:2d473b07cdd5f0912cd6f1a703352c82b512407db6b05b43f2553732b55df3bc
2021/08/13 13:30:29  warn rootless{usr/bin/newgidmap} ignoring (usually) harmless EPERM on setxattr "security.capability"
2021/08/13 13:30:29  warn rootless{usr/bin/newuidmap} ignoring (usually) harmless EPERM on setxattr "security.capability"
2021/08/13 13:30:29  warn rootless{usr/bin/ping} ignoring (usually) harmless EPERM on setxattr "security.capability"
2021/08/13 13:30:31  warn rootless{usr/sbin/arping} ignoring (usually) harmless EPERM on setxattr "security.capability"
2021/08/13 13:30:31  warn rootless{usr/sbin/clockdiff} ignoring (usually) harmless EPERM on setxattr "security.capability"
2021/08/13 13:30:33  info unpack layer: sha256:63007d9216de4daf881dce31dd44eb76f2f8a78e9fe96c3a3be2edfc53b9f827
2021/08/13 13:30:33  info unpack layer: sha256:1fc70916c25b96d226277c62d8f2b49fc7ff07fde463ae6e27d99fab8b68bc55
2021/08/13 13:30:33  info unpack layer: sha256:06ea0ebc74d23c06ef7e93c044e20527ceeb48df725fce9a1d167d344ec849df
2021/08/13 13:30:33  info unpack layer: sha256:d70c515a995078bd7f468dc7d8108697c1fc466aea49b5e162e9686116bf7deb
2021/08/13 13:30:36  info unpack layer: sha256:f1aacb60dea60807fa430cf6ccefb65b1792b5e8d0b532d47071b8213feb7bb1
2021/08/13 13:30:36  info unpack layer: sha256:3fb86743658fee8f5f0525d0c41ab609f6449facdc8208c453a2643d82e4a9c9
2021/08/13 13:30:36  info unpack layer: sha256:a83e379af66cd681d60a78165571864ebe7dd186d75113aa7679f182d910e1a5
2021/08/13 13:30:37  info unpack layer: sha256:c03a3db112a8d37c3603a6ab2211c750bd3c46801bfd5ef29e9d50c50ade59cf
2021/08/13 13:30:38  warn rootless{opt/rh/devtoolset-7/root/usr/bin/staprun} ignoring (usually) harmless EPERM on setxattr "user.rootlesscontainers"
2021/08/13 13:30:41  warn rootless{usr/bin/ssh-agent} ignoring (usually) harmless EPERM on setxattr "user.rootlesscontainers"
2021/08/13 13:30:43  warn rootless{usr/libexec/openssh/ssh-keysign} ignoring (usually) harmless EPERM on setxattr "user.rootlesscontainers"
2021/08/13 13:30:51  info unpack layer: sha256:c5b4f4aeea76d876a1a10da80cada906d0bafbc5e362b479fbd68bbc9b26a523
2021/08/13 13:30:51  info unpack layer: sha256:1ef646ed2a50a677ba69e4e1d89a40d78256270b5e7665807c309635530788e8
2021/08/13 13:30:53  info unpack layer: sha256:53d48ea96ff74d6abe0e5ee9ad532e225ece78715f137e908678e4fa32699c27
2021/08/13 13:30:56  info unpack layer: sha256:83e93a87cc86f1c8a39806130d759289a22f417c8809766e375a4bb918c305e3
2021/08/13 13:30:59  info unpack layer: sha256:484345e364ece855fe84e292ff19a3d09b078ee5f448c94bc4492761796351fc
2021/08/13 13:31:02  info unpack layer: sha256:1aabc7291c6ba7d68f23059e536021e67c71a7f7688a514029f7b587e84f39c0
2021/08/13 13:31:04  info unpack layer: sha256:8fc07490988f3a7824cad7b87204fe161549102d546a0caa740d547ece4d6d50
2021/08/13 13:31:07  info unpack layer: sha256:34e3123f643f873e854a0481d5b6bb99eeb452999db58f9d2b5801565003f1cc
2021/08/13 13:31:07  info unpack layer: sha256:86635458e20eb85ed303a33ec03ef8136a2a9cb231cd53d497058e57ea2122a6
2021/08/13 13:31:07  info unpack layer: sha256:ae1a749cffec4b0308ddb342d32889741a6d1bffd95b114cd0c61fa88498b4e6
2021/08/13 13:31:07  info unpack layer: sha256:e0300cab5de013b12123b984c8ced8449eead9e0a37f12ad2f21d2c1954faccb
2021/08/13 13:31:09  info unpack layer: sha256:8590530a6e68a3b68ef275c80b580025b130355af7b187a5ad45515d83fc0a5f
2021/08/13 13:31:10  info unpack layer: sha256:aff6cc6d7b260bd9a7905887223dc1265d72d93fe45cb7ada2ce7de79aee31b7
2021/08/13 13:31:46  info unpack layer: sha256:bb9b49c20e7209b4c7b6f5dfa997a68d05be95b896ec106bf16c39561008bd09
2021/08/13 13:31:46  info unpack layer: sha256:cdcde7eb6e1c6c4abcaa963d284505ce55c752d680209f0ed19df8a71ec52bb6
2021/08/13 13:31:46  info unpack layer: sha256:62b4b0f3f7e197b5c9eb5f4b4c263a04f18d2483bfa621344ce04ac7c3440c89
2021/08/13 13:31:46  info unpack layer: sha256:ec93a402d18a5c0497d5b07edf8c0ebd2d9b271ad2decda664349d07151d9215
2021/08/13 13:31:46  info unpack layer: sha256:0cc477c8687f443c515c6ceb980327f322a0951f9f1fe5035d4d83c01fc8bc62
2021/08/13 13:31:46  info unpack layer: sha256:2a947682a4b4e8c7a6a482579ed2d3f9ca5e86fd56144fd7b4c8fbe6a8871e36
2021/08/13 13:31:47  info unpack layer: sha256:64675190d7f89f7d1d0f84ba27cdb6689eba095b319d5c598b6b4366fc19d151
2021/08/13 13:31:48  info unpack layer: sha256:d2b3dee06f772996856c795fe3157fd20098994c84aa61f4071588ac515adfe2
2021/08/13 13:31:49  info unpack layer: sha256:084229edb1edc8b892dca0b44e5c8e5ecbd5b7dd35f5bbe90727bb1254951103
2021/08/13 13:31:49  info unpack layer: sha256:f67409605e019ca82c9f480c43e45f7b244067ce12e9db0229d3757f6617c7b7
2021/08/13 13:31:49  info unpack layer: sha256:6fb142ed442d4913acdda5343850ed3670da08124a1ca8a2c5d758bda3c5d63e
2021/08/13 13:31:49  info unpack layer: sha256:2d86349612e0373f550f941fb16a165c7876c2665627d088f7aea35eec2e7225
2021/08/13 13:31:49  info unpack layer: sha256:aba4c995046a08864b066c523a20c6e03cbb83d407939be3e76092a982ce43d0
2021/08/13 13:31:50  info unpack layer: sha256:50948d36ebe2981e912ba0584bf3c672a2d23608e320b0fe2bc814a3fa8a5a21
2021/08/13 13:31:50  info unpack layer: sha256:70e9f09607a796177d6d7812bdf5477739840d2e316b8f235025cff4b0c72a6e
2021/08/13 13:31:51  info unpack layer: sha256:69117200d031e4698c095fd46a2021137b47d864a5c47d3aac67991dea2a7961
2021/08/13 13:31:51  info unpack layer: sha256:cffee84bce5bba3f01dbfef0bde59820b7e0fa8450ca4d9926a78913f6fbaab5
2021/08/13 13:31:51  info unpack layer: sha256:5ebcc4e1d7e2c821dee9e670e8f5002f4e121978f59520c81016de3d724e4e74
2021/08/13 13:31:51  info unpack layer: sha256:07a982e767e9bb2a0ab9419775f2ef55bd62cea9d9445dddfa70535dddb718d3
2021/08/13 13:31:52  info unpack layer: sha256:b46a3888baae6be4a86637a2f8ebddab34f157b1eb3d1faa5eb57092de26fe59
INFO:    Creating SIF file...
INFO:    Convert SIF file to sandbox...
WARNING: underlay of /usr/bin/nvidia-smi required more than 50 (516) bind mounts
/export/data1/condor/execute/dir_200140/tmp.gLIRDPhBLo/execute.18.12.4.131-200205/dir_202049/train_puma.sh: line 1: cd: /export/data1/condor/execute/dir_200140/tmp.gLIRDPhBLo/execute.18.12.4.131-200205/dir_202049/grapple/: No such file or directory
/export/data1/condor/execute/dir_200140/tmp.gLIRDPhBLo/execute.18.12.4.131-200205/dir_202049/train_puma.sh: line 3: cd: /export/data1/condor/execute/dir_200140/tmp.gLIRDPhBLo/execute.18.12.4.131-200205/dir_202049/grapple/scripts/training/papu: No such file or directory
cat: ../../../../train.yaml: No such file or directory
python3: can't open file 'train_pu.py': [Errno 2] No such file or directory
INFO:    Cleaning up image...
